2021-03-17 18:31:41,990 CRIT Supervisor is running as root.  Privileges were not dropped because no user is specified in the config file.  If you intend to run as root, you can set user=root in the config file to avoid this message.
2021-03-17 18:31:42,004 INFO Included extra file "/opt/docker/etc/supervisor.d/apache.conf" during parsing
2021-03-17 18:31:42,005 INFO Included extra file "/opt/docker/etc/supervisor.d/blackfire-agent.conf" during parsing
2021-03-17 18:31:42,007 INFO Included extra file "/opt/docker/etc/supervisor.d/cron.conf" during parsing
2021-03-17 18:31:42,008 INFO Included extra file "/opt/docker/etc/supervisor.d/dnsmasq.conf" during parsing
2021-03-17 18:31:42,010 INFO Included extra file "/opt/docker/etc/supervisor.d/php-fpm.conf" during parsing
2021-03-17 18:31:42,010 INFO Included extra file "/opt/docker/etc/supervisor.d/postfix.conf" during parsing
2021-03-17 18:31:42,011 INFO Included extra file "/opt/docker/etc/supervisor.d/ssh.conf" during parsing
2021-03-17 18:31:42,013 INFO Included extra file "/opt/docker/etc/supervisor.d/syslog.conf" during parsing
2021-03-17 18:31:42,327 INFO RPC interface 'supervisor' initialized
2021-03-17 18:31:42,333 INFO supervisord started with pid 80
2021-03-17 18:31:43,337 INFO spawned: 'syslogd' with pid 83
2021-03-17 18:31:43,341 INFO spawned: 'php-fpmd' with pid 84
2021-03-17 18:31:43,346 INFO spawned: 'apached' with pid 85
2021-03-17 18:31:43,351 INFO spawned: 'crond' with pid 86
2021-03-17 18:31:43,358 INFO spawned: 'postfixd' with pid 88
2021-03-17 18:31:43,367 INFO spawned: 'sshd' with pid 93
2021-03-17 18:31:43,371 INFO success: php-fpmd entered RUNNING state, process has stayed up for > than 0 seconds (startsecs)
2021-03-17 18:31:43,373 INFO success: apached entered RUNNING state, process has stayed up for > than 0 seconds (startsecs)
2021-03-17 18:31:43,375 INFO success: crond entered RUNNING state, process has stayed up for > than 0 seconds (startsecs)
2021-03-17 18:31:43,376 INFO success: postfixd entered RUNNING state, process has stayed up for > than 0 seconds (startsecs)
2021-03-17 18:31:43,378 INFO success: sshd entered RUNNING state, process has stayed up for > than 0 seconds (startsecs)
2021-03-17 18:31:44,607 INFO success: syslogd entered RUNNING state, process has stayed up for > than 1 seconds (startsecs)
